Fri Aug 12 18:39:45 2016,-1231027088,"clog.c(82)",INFO,"Enabling logging"
Fri Aug 12 18:39:45 2016,-1231027088,"linux/cusblinux-1.0.c(699)",INFO,"Kernel driver name: usbhid"
Fri Aug 12 18:39:45 2016,-1231027088,"linux/cusblinux-1.0.c(702)",INFO,"Kernel driver is active - will attempt a detach"
Fri Aug 12 18:39:45 2016,-1231027088,"linux/cusblinux-1.0.c(709)",INFO,"Successfully detached kernel driver"
Fri Aug 12 18:39:45 2016,-1231027088,"linux/cusblinux-1.0.c(357)",INFO,"Using Control Endpoint for Host->Device communication."
Fri Aug 12 18:39:45 2016,-1239493520,"cthread.c(393)",INFO,"WriteThread running"
Fri Aug 12 18:39:45 2016,-1239493520,"cthread.c(423)",INFO,"WriteThread exiting normally (Not Needed for this device)"
Fri Aug 12 18:39:45 2016,-1231027088,"clog.c(82)",INFO,"Enabling logging"
Fri Aug 12 18:39:45 2016,-1247882128,"cthread.c(273)",INFO,"ReadThread running"
Fri Aug 12 18:39:46 2016,-1231027088,"linux/cusblinux-1.0.c(699)",INFO,"Kernel driver name: usbhid"
Fri Aug 12 18:39:46 2016,-1231027088,"linux/cusblinux-1.0.c(702)",INFO,"Kernel driver is active - will attempt a detach"
Fri Aug 12 18:39:46 2016,-1231027088,"linux/cusblinux-1.0.c(709)",INFO,"Successfully detached kernel driver"
Fri Aug 12 18:39:46 2016,-1231027088,"linux/cusblinux-1.0.c(357)",INFO,"Using Control Endpoint for Host->Device communication."
Fri Aug 12 18:39:46 2016,-1256270736,"cthread.c(393)",INFO,"WriteThread running"
Fri Aug 12 18:39:46 2016,-1256270736,"cthread.c(423)",INFO,"WriteThread exiting normally (Not Needed for this device)"
Fri Aug 12 18:39:46 2016,-1231027088,"clog.c(82)",INFO,"Enabling logging"
Fri Aug 12 18:39:46 2016,-1264659344,"cthread.c(273)",INFO,"ReadThread running"
Fri Aug 12 18:39:46 2016,-1231027088,"linux/cusblinux-1.0.c(699)",INFO,"Kernel driver name: usbhid"
Fri Aug 12 18:39:46 2016,-1231027088,"linux/cusblinux-1.0.c(702)",INFO,"Kernel driver is active - will attempt a detach"
Fri Aug 12 18:39:46 2016,-1231027088,"linux/cusblinux-1.0.c(709)",INFO,"Successfully detached kernel driver"
Fri Aug 12 18:39:46 2016,-1231027088,"linux/cusblinux-1.0.c(357)",INFO,"Using Control Endpoint for Host->Device communication."
Fri Aug 12 18:39:46 2016,-1275071376,"cthread.c(393)",INFO,"WriteThread running"
Fri Aug 12 18:39:46 2016,-1231027088,"clog.c(82)",INFO,"Enabling logging"
Fri Aug 12 18:39:46 2016,-1283459984,"cthread.c(273)",INFO,"ReadThread running"
Fri Aug 12 18:39:47 2016,-1231027088,"linux/cusblinux-1.0.c(699)",INFO,"Kernel driver name: usbhid"
Fri Aug 12 18:39:47 2016,-1231027088,"linux/cusblinux-1.0.c(702)",INFO,"Kernel driver is active - will attempt a detach"
Fri Aug 12 18:39:47 2016,-1231027088,"linux/cusblinux-1.0.c(709)",INFO,"Successfully detached kernel driver"
Fri Aug 12 18:39:47 2016,-1231027088,"linux/cusblinux-1.0.c(357)",INFO,"Using Control Endpoint for Host->Device communication."
Fri Aug 12 18:39:47 2016,-1291848592,"cthread.c(393)",INFO,"WriteThread running"
Fri Aug 12 18:39:47 2016,-1231027088,"clog.c(82)",INFO,"Enabling logging"
Fri Aug 12 18:39:47 2016,-1300237200,"cthread.c(273)",INFO,"ReadThread running"
Fri Aug 12 18:39:48 2016,-1231027088,"linux/cusblinux-1.0.c(357)",INFO,"Using Control Endpoint for Host->Device communication."
Fri Aug 12 18:39:48 2016,-1308625808,"cthread.c(393)",INFO,"WriteThread running"
